0 verbose cli [
0 verbose cli   '/opt/homebrew/Cellar/node/15.12.0/bin/node',
0 verbose cli   '/opt/homebrew/bin/npm',
0 verbose cli   'install',
0 verbose cli   'dotenv'
0 verbose cli ]
1 info using npm@7.6.3
2 info using node@v15.12.0
3 timing config:load:defaults Completed in 0ms
4 timing config:load:file:/opt/homebrew/lib/node_modules/npm/npmrc Completed in 1ms
5 timing config:load:builtin Completed in 1ms
6 timing config:load:cli Completed in 0ms
7 timing config:load:env Completed in 1ms
8 timing config:load:file:/Users/sugiyamaakari/Desktop/next/telabel/telabel_official/.npmrc Completed in 0ms
9 timing config:load:project Completed in 0ms
10 timing config:load:file:/Users/sugiyamaakari/.npmrc Completed in 0ms
11 timing config:load:user Completed in 0ms
12 timing config:load:file:/Users/sugiyamaakari/.npm_global/etc/npmrc Completed in 0ms
13 timing config:load:global Completed in 0ms
14 timing config:load:cafile Completed in 0ms
15 timing config:load:validate Completed in 0ms
16 timing config:load:setUserAgent Completed in 0ms
17 timing config:load:setEnvs Completed in 0ms
18 timing config:load Completed in 3ms
19 verbose npm-session ca7ca9f0d30f3cc6
20 timing npm:load Completed in 12ms
21 http fetch GET 200 https://registry.npmjs.org/npm 8ms (from cache)
22 timing arborist:ctor Completed in 0ms
23 timing idealTree:init Completed in 86ms
24 timing idealTree:userRequests Completed in 1ms
25 silly idealTree buildDeps
26 silly fetch manifest @chakra-ui/react@^1.5.0
27 http fetch GET 304 https://registry.npmjs.org/@chakra-ui%2freact 241ms (from cache)
28 silly fetch manifest @emotion/react@^11
29 http fetch GET 304 https://registry.npmjs.org/@emotion%2freact 259ms (from cache)
30 silly fetch manifest @babel/core@^7.0.0
31 http fetch GET 304 https://registry.npmjs.org/@babel%2fcore 119ms (from cache)
32 silly fetch manifest react@17.0.2
33 http fetch GET 304 https://registry.npmjs.org/react 71ms (from cache)
34 silly fetch manifest @emotion/styled@^11
35 http fetch GET 200 https://registry.npmjs.org/@emotion%2fstyled 3ms (from cache)
36 silly fetch manifest framer-motion@^4
37 http fetch GET 304 https://registry.npmjs.org/framer-motion 76ms (from cache)
38 silly fetch manifest react-dom@17.0.2
39 http fetch GET 304 https://registry.npmjs.org/react-dom 84ms (from cache)
40 silly fetch manifest @zeit/next-sass@^1.0.1
41 http fetch GET 304 https://registry.npmjs.org/@zeit%2fnext-sass 110ms (from cache)
42 silly fetch manifest node-sass@^5.0.0
43 http fetch GET 304 https://registry.npmjs.org/node-sass 57ms (from cache)
44 silly fetch manifest node-sass@^4.7.2
45 timing idealTree Completed in 1146ms
46 timing command:install Completed in 1147ms
47 notice [40m[37m[39m[49m
47 notice [40m[37mNew [33mminor[39m[37m version of npm available! [31m7.6.3[39m[37m -> [32m7.11.2[39m[37m[39m[49m
47 notice [40m[37mChangelog: [36mhttps://github.com/npm/cli/releases/tag/v7.11.2[39m[37m[39m[49m
47 notice [40m[37mRun [32mnpm install -g npm@7.11.2[39m[37m to update![39m[49m
47 notice [40m[37m[39m[49m
48 verbose stack Error: unable to resolve dependency tree
48 verbose stack     at Arborist.[failPeerConflict] (/opt/homebrew/lib/node_modules/npm/node_modules/@npmcli/arborist/lib/arborist/build-ideal-tree.js:1157:25)
48 verbose stack     at Arborist.[loadPeerSet] (/opt/homebrew/lib/node_modules/npm/node_modules/@npmcli/arborist/lib/arborist/build-ideal-tree.js:1134:34)
48 verbose stack     at async Arborist.[buildDepStep] (/opt/homebrew/lib/node_modules/npm/node_modules/@npmcli/arborist/lib/arborist/build-ideal-tree.js:838:11)
48 verbose stack     at async Arborist.buildIdealTree (/opt/homebrew/lib/node_modules/npm/node_modules/@npmcli/arborist/lib/arborist/build-ideal-tree.js:209:7)
48 verbose stack     at async Promise.all (index 1)
48 verbose stack     at async Arborist.reify (/opt/homebrew/lib/node_modules/npm/node_modules/@npmcli/arborist/lib/arborist/reify.js:131:5)
48 verbose stack     at async Install.install (/opt/homebrew/lib/node_modules/npm/lib/install.js:120:5)
49 verbose cwd /Users/sugiyamaakari/Desktop/next/telabel/telabel_official
50 verbose Darwin 20.1.0
51 verbose argv "/opt/homebrew/Cellar/node/15.12.0/bin/node" "/opt/homebrew/bin/npm" "install" "dotenv"
52 verbose node v15.12.0
53 verbose npm  v7.6.3
54 error code ERESOLVE
55 error ERESOLVE unable to resolve dependency tree
56 error
57 error While resolving: [1mtelabel[22m@[1m0.1.0[22m
57 error Found: [1mnode-sass[22m@[1m5.0.0[22m[2m[22m
57 error [2mnode_modules/node-sass[22m
57 error   [1mnode-sass[22m@"[1m^5.0.0[22m" from the root project
57 error
57 error Could not resolve dependency:
57 error [35mpeer[39m [1mnode-sass[22m@"[1m^4.7.2[22m" from [1m@zeit/next-sass[22m@[1m1.0.1[22m[2m[22m
57 error [2mnode_modules/@zeit/next-sass[22m
57 error   [1m@zeit/next-sass[22m@"[1m^1.0.1[22m" from the root project
57 error
57 error Fix the upstream dependency conflict, or retry
57 error this command with --force, or --legacy-peer-deps
57 error to accept an incorrect (and potentially broken) dependency resolution.
57 error
57 error See /Users/sugiyamaakari/Desktop/next/telabel/telabel_official/c:\tmp\nodejs\npm-cache --global/eresolve-report.txt for a full report.
58 verbose exit 1
