0 verbose cli [
0 verbose cli   '/opt/homebrew/Cellar/node/15.12.0/bin/node',
0 verbose cli   '/opt/homebrew/bin/npm',
0 verbose cli   'install'
0 verbose cli ]
1 info using npm@7.6.3
2 info using node@v15.12.0
3 timing config:load:defaults Completed in 1ms
4 timing config:load:file:/opt/homebrew/lib/node_modules/npm/npmrc Completed in 1ms
5 timing config:load:builtin Completed in 1ms
6 timing config:load:cli Completed in 0ms
7 timing config:load:env Completed in 0ms
8 timing config:load:file:/Users/sugiyamaakari/Downloads/telabel/telabel_official/.npmrc Completed in 0ms
9 timing config:load:project Completed in 1ms
10 timing config:load:file:/Users/sugiyamaakari/.npmrc Completed in 0ms
11 timing config:load:user Completed in 0ms
12 timing config:load:file:/Users/sugiyamaakari/.npm_global/etc/npmrc Completed in 1ms
13 timing config:load:global Completed in 1ms
14 timing config:load:cafile Completed in 0ms
15 timing config:load:validate Completed in 0ms
16 timing config:load:setUserAgent Completed in 1ms
17 timing config:load:setEnvs Completed in 0ms
18 timing config:load Completed in 5ms
19 verbose npm-session 4323e48248b2f259
20 timing npm:load Completed in 19ms
21 timing arborist:ctor Completed in 0ms
22 timing idealTree:init Completed in 90ms
23 timing idealTree:userRequests Completed in 0ms
24 silly idealTree buildDeps
25 silly fetch manifest @chakra-ui/react@^1.5.0
26 http fetch GET 304 https://registry.npmjs.org/@chakra-ui%2freact 490ms (from cache)
27 silly fetch manifest @emotion/react@^11
28 http fetch GET 200 https://registry.npmjs.org/@emotion%2freact 248ms
29 silly fetch manifest @babel/core@^7.0.0
30 http fetch GET 304 https://registry.npmjs.org/@babel%2fcore 47ms (from cache)
31 silly fetch manifest react@17.0.2
32 http fetch GET 200 https://registry.npmjs.org/react 113ms
33 silly fetch manifest @emotion/styled@^11
34 http fetch GET 304 https://registry.npmjs.org/@emotion%2fstyled 64ms (from cache)
35 silly fetch manifest framer-motion@^4
36 http fetch GET 304 https://registry.npmjs.org/framer-motion 49ms (from cache)
37 silly fetch manifest react-dom@17.0.2
38 http fetch GET 200 https://registry.npmjs.org/react-dom 82ms
39 silly fetch manifest @zeit/next-sass@^1.0.1
40 http fetch GET 304 https://registry.npmjs.org/@zeit%2fnext-sass 1481ms (from cache)
41 silly fetch manifest node-sass@^5.0.0
42 http fetch GET 304 https://registry.npmjs.org/node-sass 45ms (from cache)
43 silly fetch manifest node-sass@^4.7.2
44 timing idealTree Completed in 2739ms
45 timing command:install Completed in 2741ms
46 verbose stack Error: unable to resolve dependency tree
46 verbose stack     at Arborist.[failPeerConflict] (/opt/homebrew/lib/node_modules/npm/node_modules/@npmcli/arborist/lib/arborist/build-ideal-tree.js:1157:25)
46 verbose stack     at Arborist.[loadPeerSet] (/opt/homebrew/lib/node_modules/npm/node_modules/@npmcli/arborist/lib/arborist/build-ideal-tree.js:1134:34)
46 verbose stack     at async Arborist.[buildDepStep] (/opt/homebrew/lib/node_modules/npm/node_modules/@npmcli/arborist/lib/arborist/build-ideal-tree.js:838:11)
46 verbose stack     at async Arborist.buildIdealTree (/opt/homebrew/lib/node_modules/npm/node_modules/@npmcli/arborist/lib/arborist/build-ideal-tree.js:209:7)
46 verbose stack     at async Promise.all (index 1)
46 verbose stack     at async Arborist.reify (/opt/homebrew/lib/node_modules/npm/node_modules/@npmcli/arborist/lib/arborist/reify.js:131:5)
46 verbose stack     at async Install.install (/opt/homebrew/lib/node_modules/npm/lib/install.js:120:5)
47 verbose cwd /Users/sugiyamaakari/Downloads/telabel/telabel_official
48 verbose Darwin 20.1.0
49 verbose argv "/opt/homebrew/Cellar/node/15.12.0/bin/node" "/opt/homebrew/bin/npm" "install"
50 verbose node v15.12.0
51 verbose npm  v7.6.3
52 error code ERESOLVE
53 error ERESOLVE unable to resolve dependency tree
54 error
55 error While resolving: [1mtelabel[22m@[1m0.1.0[22m
55 error Found: [1mnode-sass[22m@[1m5.0.0[22m[2m[22m
55 error [2mnode_modules/node-sass[22m
55 error   [1mnode-sass[22m@"[1m^5.0.0[22m" from the root project
55 error
55 error Could not resolve dependency:
55 error [35mpeer[39m [1mnode-sass[22m@"[1m^4.7.2[22m" from [1m@zeit/next-sass[22m@[1m1.0.1[22m[2m[22m
55 error [2mnode_modules/@zeit/next-sass[22m
55 error   [1m@zeit/next-sass[22m@"[1m^1.0.1[22m" from the root project
55 error
55 error Fix the upstream dependency conflict, or retry
55 error this command with --force, or --legacy-peer-deps
55 error to accept an incorrect (and potentially broken) dependency resolution.
55 error
55 error See /Users/sugiyamaakari/Desktop/next/telabel/telabel_official/c:\tmp\nodejs\npm-cache --global/eresolve-report.txt for a full report.
56 verbose exit 1
